<?xml version="1.0" encoding="UTF-8"?>
<!-- Generated by org.testng.reporters.JUnitReportReporter -->
<testsuite hostname="DESKTOP-FVQ0J3V" failures="0" tests="1" name="TestCases.FlipcartApplication" time="66.687" errors="0" timestamp="2021-08-19T10:21:58 IST" skipped="0">
  <testcase classname="TestCases.FlipcartApplication" name="Login" time="66.687"/>
  <system-out/>
</testsuite> <!-- TestCases.FlipcartApplication -->
